<?xml version="1.0" encoding="UTF-8"?>
<testsuite name="com.udacity.gradle.jokes.test.JokerTest" tests="1" skipped="0" failures="0" errors="0" timestamp="2016-09-13T08:57:24" hostname="AkStudio" time="0.0">
  <properties/>
  <testcase name="test" classname="com.udacity.gradle.jokes.test.JokerTest" time="0.0"/>
  <system-out><![CDATA[]]></system-out>
  <system-err><![CDATA[]]></system-err>
</testsuite>
